<?xml version="1.0" encoding="UTF-8"?>
<!-- Generated by org.testng.reporters.JUnitReportReporter -->
<testsuite hostname="LAPTOP-BalajiMS" name="com.resileo.seleniumweb.downloadAgents" tests="1" failures="0" timestamp="9 Mar 2020 17:21:51 GMT" time="62.172" errors="0">
  <testcase name="DownloadAgents" time="62.172" classname="com.resileo.seleniumweb.downloadAgents"/>
</testsuite> <!-- com.resileo.seleniumweb.downloadAgents -->
