<?xml version="1.0" encoding="UTF-8"?>
<!-- Generated by org.testng.reporters.JUnitReportReporter -->
<testsuite hostname="LAPTOP-BalajiMS" name="com.resileo.seleniumweb.appedoRegistration" tests="1" failures="0" timestamp="8 Mar 2020 18:58:27 GMT" time="21.417" errors="0">
  <testcase name="UserRegistration" time="21.417" classname="com.resileo.seleniumweb.appedoRegistration"/>
</testsuite> <!-- com.resileo.seleniumweb.appedoRegistration -->
