<?xml version="1.0" encoding="UTF-8"?>
<!-- Generated by org.testng.reporters.JUnitReportReporter -->
<testsuite hostname="LAPTOP-BalajiMS" name="com.resileo.seleniumweb.selectTheme" tests="1" failures="0" timestamp="9 Mar 2020 17:21:51 GMT" time="61.844" errors="0">
  <testcase name="appedoselectTheme" time="61.844" classname="com.resileo.seleniumweb.selectTheme"/>
</testsuite> <!-- com.resileo.seleniumweb.selectTheme -->
