<?xml version="1.0" encoding="UTF-8"?>
<!-- Generated by org.testng.reporters.JUnitReportReporter -->
<testsuite hostname="LAPTOP-BalajiMS" name="com.resileo.seleniumweb.settingUpdateProfile" tests="1" failures="0" timestamp="8 Mar 2020 18:58:27 GMT" time="49.826" errors="0">
  <testcase name="updateProfileSetting" time="49.826" classname="com.resileo.seleniumweb.settingUpdateProfile"/>
</testsuite> <!-- com.resileo.seleniumweb.settingUpdateProfile -->
