<?xml version="1.0" encoding="UTF-8"?>
<!-- Generated by org.testng.reporters.JUnitReportReporter -->
<testsuite hostname="LAPTOP-BalajiMS" name="com.resileo.seleniumweb.settingChangePassword" tests="1" failures="0" timestamp="9 Mar 2020 17:21:51 GMT" time="43.497" errors="0">
  <testcase name="passwordChangeSetting" time="43.497" classname="com.resileo.seleniumweb.settingChangePassword"/>
</testsuite> <!-- com.resileo.seleniumweb.settingChangePassword -->
