<?xml version="1.0" encoding="UTF-8"?>
<!-- Generated by org.testng.reporters.JUnitReportReporter -->
<testsuite hostname="LAPTOP-BalajiMS" name="com.resileo.seleniumweb.appedoMenuMethodRunner" tests="1" failures="0" timestamp="9 Mar 2020 17:21:51 GMT" time="76.711" errors="0">
  <testcase name="doTest" time="76.711" classname="com.resileo.seleniumweb.appedoMenuMethodRunner"/>
</testsuite> <!-- com.resileo.seleniumweb.appedoMenuMethodRunner -->
