<?xml version="1.0" encoding="UTF-8"?>
<!-- Generated by org.testng.reporters.JUnitReportReporter -->
<testsuite hostname="LAPTOP-BalajiMS" name="com.resileo.seleniumweb.forgotPassword" tests="1" failures="0" timestamp="9 Mar 2020 17:21:51 GMT" time="25.596" errors="0">
  <testcase name="ForgotPassword" time="25.596" classname="com.resileo.seleniumweb.forgotPassword"/>
</testsuite> <!-- com.resileo.seleniumweb.forgotPassword -->
