<?xml version="1.0" encoding="UTF-8"?>
<!-- Generated by org.testng.reporters.JUnitReportReporter -->
<testsuite hostname="LAPTOP-BalajiMS" name="com.resileo.seleniumweb.downloadAgents" tests="1" failures="0" timestamp="8 Mar 2020 18:58:27 GMT" time="48.811" errors="0">
  <testcase name="DownloadAgents" time="48.811" classname="com.resileo.seleniumweb.downloadAgents"/>
</testsuite> <!-- com.resileo.seleniumweb.downloadAgents -->
