<?xml version="1.0" encoding="UTF-8"?>
<!-- Generated by org.testng.reporters.JUnitReportReporter -->
<testsuite hostname="LAPTOP-BalajiMS" name="com.resileo.seleniumweb.settingChangePassword" tests="1" failures="0" timestamp="8 Mar 2020 18:58:27 GMT" time="34.631" errors="0">
  <testcase name="passwordChangeSetting" time="34.631" classname="com.resileo.seleniumweb.settingChangePassword"/>
</testsuite> <!-- com.resileo.seleniumweb.settingChangePassword -->
