<?xml version="1.0" encoding="UTF-8"?>
<!-- Generated by org.testng.reporters.JUnitReportReporter -->
<testsuite hostname="LAPTOP-BalajiMS" name="com.resileo.seleniumweb.appedoRegistration" tests="1" failures="0" timestamp="9 Mar 2020 17:21:51 GMT" time="33.599" errors="0">
  <testcase name="UserRegistration" time="33.599" classname="com.resileo.seleniumweb.appedoRegistration"/>
</testsuite> <!-- com.resileo.seleniumweb.appedoRegistration -->
