<?xml version="1.0" encoding="UTF-8"?>
<!-- Generated by org.testng.reporters.JUnitReportReporter -->
<testsuite hostname="LAPTOP-BalajiMS" name="com.resileo.seleniumweb.forgotPassword" tests="1" failures="0" timestamp="8 Mar 2020 18:58:27 GMT" time="19.836" errors="0">
  <testcase name="ForgotPassword" time="19.836" classname="com.resileo.seleniumweb.forgotPassword"/>
</testsuite> <!-- com.resileo.seleniumweb.forgotPassword -->
