<?xml version="1.0" encoding="UTF-8"?>
<!-- Generated by org.testng.reporters.JUnitReportReporter -->
<testsuite hostname="LAPTOP-BalajiMS" name="com.resileo.seleniumweb.appedoMenuMethodRunner" tests="1" failures="0" timestamp="8 Mar 2020 18:58:27 GMT" time="66.767" errors="0">
  <testcase name="doTest" time="66.767" classname="com.resileo.seleniumweb.appedoMenuMethodRunner"/>
</testsuite> <!-- com.resileo.seleniumweb.appedoMenuMethodRunner -->
