<?xml version="1.0" encoding="UTF-8"?>
<!-- Generated by org.testng.reporters.JUnitReportReporter -->
<testsuite hostname="LAPTOP-BalajiMS" name="com.resileo.seleniumweb.selectTheme" tests="1" failures="0" timestamp="8 Mar 2020 18:27:54 GMT" time="53.958" errors="0">
  <testcase name="appedoselectTheme" time="53.958" classname="com.resileo.seleniumweb.selectTheme"/>
</testsuite> <!-- com.resileo.seleniumweb.selectTheme -->
