<?xml version="1.0" encoding="UTF-8"?>
<!-- Generated by org.testng.reporters.JUnitReportReporter -->
<testsuite hostname="LAPTOP-BalajiMS" name="com.resileo.seleniumweb.settingUpdateProfile" tests="1" failures="0" timestamp="9 Mar 2020 17:21:51 GMT" time="60.651" errors="0">
  <testcase name="updateProfileSetting" time="60.651" classname="com.resileo.seleniumweb.settingUpdateProfile"/>
</testsuite> <!-- com.resileo.seleniumweb.settingUpdateProfile -->
